<?xml version="1.0" encoding="UTF-8"?>
<testsuite name="Checkout Item" tests="12" skipped="0" failures="0" errors="0" timestamp="2022-07-23T05:18:55" hostname="Nabilahs-MacBook-Pro.local" time="2.096">
  <properties/>
  <testcase name="user input &quot;standard_user&quot; and &quot;secret_sauce&quot;" classname="Checkout Item" time="0.436"/>
  <testcase name="user click login button" classname="Checkout Item" time="0.319"/>
  <testcase name="user success login" classname="Checkout Item" time="0.224"/>
  <testcase name="user can see the shopping cart added" classname="Checkout Item" time="0.0"/>
  <testcase name="user click shopping cart" classname="Checkout Item" time="0.126"/>
  <testcase name="user click checkout button" classname="Checkout Item" time="0.146"/>
  <testcase name="user input &quot;first name&quot; and &quot;last name&quot; and &quot;43252&quot;" classname="Checkout Item" time="0.358"/>
  <testcase name="user click continue button" classname="Checkout Item" time="0.111"/>
  <testcase name="user can see checkout overview" classname="Checkout Item" time="0.036"/>
  <testcase name="user click finish button" classname="Checkout Item" time="0.094"/>
  <testcase name="user can see success checkout" classname="Checkout Item" time="0.056"/>
  <testcase name="classMethod" classname="Checkout Item" time="4.575"/>
  <system-out><![CDATA[
@Web @CheckoutItem
Scenario: Checkout Item                                   ?[90m# src/test/resources/features/checkOutItem.feature:5?[0m
]]></system-out>
  <system-err><![CDATA[Starting ChromeDriver 103.0.5060.53 (a1711811edd74ff1cf2150f36ffa3b0dae40b17f-refs/branch-heads/5060@{#853}) on port 30759
Only local connections are allowed.
Please see https://chromedriver.chromium.org/security-considerations for suggestions on keeping ChromeDriver safe.
ChromeDriver was started successfully.
Jul 23, 2022 12:18:54 PM org.openqa.selenium.remote.ProtocolHandshake createSession
INFO: Detected dialect: W3C
]]></system-err>
</testsuite>
