<?xml version="1.0" encoding="UTF-8"?>
<testsuite name="Choose product sorting" tests="12" skipped="0" failures="0" errors="0" timestamp="2022-07-23T05:18:41" hostname="Nabilahs-MacBook-Pro.local" time="7.422">
  <properties/>
  <testcase name="user input &quot;standard_user&quot; and &quot;secret_sauce&quot;" classname="Choose product sorting" time="0.799"/>
  <testcase name="user click login button" classname="Choose product sorting" time="0.364"/>
  <testcase name="user success login" classname="Choose product sorting" time="0.14"/>
  <testcase name="user click &quot;Sauce Labs Backpack&quot; to cart" classname="Choose product sorting" time="0.186"/>
  <testcase name="user select sorting &quot;Name (Z to A)&quot;" classname="Choose product sorting" time="0.176"/>
  <testcase name="user click &quot;Test.allTheThings() T-Shirt (Red)&quot; to cart" classname="Choose product sorting" time="0.086"/>
  <testcase name="user click cart button" classname="Choose product sorting" time="0.115"/>
  <testcase name="user can see the shopping cart added" classname="Choose product sorting" time="0.062"/>
  <testcase name="user remove item &quot;Test.allTheThings() T-Shirt (Red)&quot; from cart" classname="Choose product sorting" time="0.08"/>
  <testcase name="&quot;Test.allTheThings() T-Shirt (Red)&quot; success remove" classname="Choose product sorting" time="5.072"/>
  <testcase name="user can click continue shopping" classname="Choose product sorting" time="0.148"/>
  <testcase name="classMethod" classname="Choose product sorting" time="12.437"/>
  <system-out><![CDATA[
@Web @sortir
Scenario: Choose product sorting                                      ?[90m# src/test/resources/features/Transaction.feature:9?[0m
]]></system-out>
  <system-err><![CDATA[Starting ChromeDriver 103.0.5060.53 (a1711811edd74ff1cf2150f36ffa3b0dae40b17f-refs/branch-heads/5060@{#853}) on port 4672
Only local connections are allowed.
Please see https://chromedriver.chromium.org/security-considerations for suggestions on keeping ChromeDriver safe.
ChromeDriver was started successfully.
Jul 23, 2022 12:18:40 PM org.openqa.selenium.remote.ProtocolHandshake createSession
INFO: Detected dialect: W3C
]]></system-err>
</testsuite>
