<?xml version="1.0" encoding="UTF-8"?>
<testsuite name="Checkout Item" tests="12" skipped="0" failures="0" errors="0" timestamp="2022-07-23T03:54:27" hostname="Nabilahs-MacBook-Pro.local" time="2.065">
  <properties/>
  <testcase name="user input &quot;standard_user&quot; and &quot;secret_sauce&quot;" classname="Checkout Item" time="0.594"/>
  <testcase name="user click login button" classname="Checkout Item" time="0.233"/>
  <testcase name="user success login" classname="Checkout Item" time="0.154"/>
  <testcase name="user can see the shopping cart added" classname="Checkout Item" time="0.001"/>
  <testcase name="user click shopping cart" classname="Checkout Item" time="0.12"/>
  <testcase name="user click checkout button" classname="Checkout Item" time="0.101"/>
  <testcase name="user input &quot;first name&quot; and &quot;last name&quot; and &quot;43252&quot;" classname="Checkout Item" time="0.362"/>
  <testcase name="user click continue button" classname="Checkout Item" time="0.105"/>
  <testcase name="user can see checkout overview" classname="Checkout Item" time="0.032"/>
  <testcase name="user click finish button" classname="Checkout Item" time="0.115"/>
  <testcase name="user can see success checkout" classname="Checkout Item" time="0.078"/>
  <testcase name="classMethod" classname="Checkout Item" time="4.641"/>
  <system-out><![CDATA[
@Web @CheckoutItem
Scenario: Checkout Item                                   ?[90m# src/test/resources/features/checkOutItem.feature:5?[0m
]]></system-out>
  <system-err><![CDATA[Starting ChromeDriver 103.0.5060.53 (a1711811edd74ff1cf2150f36ffa3b0dae40b17f-refs/branch-heads/5060@{#853}) on port 4563
Only local connections are allowed.
Please see https://chromedriver.chromium.org/security-considerations for suggestions on keeping ChromeDriver safe.
ChromeDriver was started successfully.
Jul 23, 2022 10:54:27 AM org.openqa.selenium.remote.ProtocolHandshake createSession
INFO: Detected dialect: W3C
]]></system-err>
</testsuite>
