<?xml version="1.0" encoding="UTF-8"?>
<testsuite name="demo.CucumberRunner" tests="0" skipped="0" failures="0" errors="0" timestamp="1970-01-01T00:00:00" hostname="Nabilahs-MacBook-Pro.local" time="0.0">
  <properties/>
  <system-out><![CDATA[  ?[32mGiven ?[0m?[32muser input ?[0m?[32m?[1m"standard_user"?[0m?[32m and ?[0m?[32m?[1m"secret_sauce"?[0m ?[90m# demo.steps_definition.LoginStep.inputUsernameAndPassword(java.lang.String,java.lang.String)?[0m
  ?[32mAnd ?[0m?[32muser click login button?[0m                         ?[90m# demo.steps_definition.LoginStep.clickButtonLogin()?[0m
  ?[32mThen ?[0m?[32muser success login?[0m                             ?[90m# demo.steps_definition.LoginStep.isSuccessLogin()?[0m
  ?[33mGiven ?[0m?[33muser click add to cart?[0m                        ?[90m# null?[0m
  ?[36mThen ?[0m?[36muser can see the shopping cart added?[0m           ?[90m# demo.steps_definition.AddToCartStep.isSuccessAddToCart()?[0m
  ?[32mGiven ?[0m?[32muser input ?[0m?[32m?[1m"standard_user"?[0m?[32m and ?[0m?[32m?[1m"secret_sauce"?[0m ?[90m# demo.steps_definition.LoginStep.inputUsernameAndPassword(java.lang.String,java.lang.String)?[0m
  ?[32mAnd ?[0m?[32muser click login button?[0m                         ?[90m# demo.steps_definition.LoginStep.clickButtonLogin()?[0m
  ?[32mThen ?[0m?[32muser success login?[0m                             ?[90m# demo.steps_definition.LoginStep.isSuccessLogin()?[0m
  ?[33mGiven ?[0m?[33muser click add to cart?[0m                        ?[90m# null?[0m
  ?[36mThen ?[0m?[36muser can see the shopping cart added?[0m           ?[90m# demo.steps_definition.AddToCartStep.isSuccessAddToCart()?[0m
  ?[32mGiven ?[0m?[32muser input ?[0m?[32m?[1m"standard_user"?[0m?[32m and ?[0m?[32m?[1m"secret_sauce"?[0m                 ?[90m# demo.steps_definition.LoginStep.inputUsernameAndPassword(java.lang.String,java.lang.String)?[0m
  ?[32mAnd ?[0m?[32muser click login button?[0m                                         ?[90m# demo.steps_definition.LoginStep.clickButtonLogin()?[0m
  ?[32mThen ?[0m?[32muser success login?[0m                                             ?[90m# demo.steps_definition.LoginStep.isSuccessLogin()?[0m
  ?[32mWhen ?[0m?[32muser click ?[0m?[32m?[1m"Sauce Labs Backpack"?[0m?[32m to cart?[0m                       ?[90m# demo.steps_definition.AddToCartStep.userClickToCart(java.lang.String)?[0m
  ?[32mWhen ?[0m?[32muser select sorting ?[0m?[32m?[1m"Name (Z to A)"?[0m                            ?[90m# demo.steps_definition.SortingStep.userSelectSorting(java.lang.String)?[0m
  ?[32mAnd ?[0m?[32muser click ?[0m?[32m?[1m"Test.allTheThings() T-Shirt (Red)"?[0m?[32m to cart?[0m          ?[90m# demo.steps_definition.AddToCartStep.userClickToCart(java.lang.String)?[0m
  ?[32mAnd ?[0m?[32muser click cart button?[0m                                          ?[90m# demo.steps_definition.AddToCartStep.userClickCartButton()?[0m
  ?[32mThen ?[0m?[32muser can see the shopping cart added?[0m                           ?[90m# demo.steps_definition.AddToCartStep.isSuccessAddToCart()?[0m
  ?[32mWhen ?[0m?[32muser remove item ?[0m?[32m?[1m"Test.allTheThings() T-Shirt (Red)"?[0m?[32m from cart?[0m ?[90m# demo.steps_definition.AddToCartStep.userRemoveItemFromCart(java.lang.String)?[0m
  ?[32mThen ?[0m?[32m?[0m?[32m?[1m"Test.allTheThings() T-Shirt (Red)"?[0m?[32m success remove?[0m             ?[90m# demo.steps_definition.AddToCartStep.successRemove(java.lang.String)?[0m
  ?[32mWhen ?[0m?[32muser can click continue shopping?[0m                               ?[90m# demo.steps_definition.AddToCartStep.userCanClickContinueShopping()?[0m
  ?[32mGiven ?[0m?[32muser input ?[0m?[32m?[1m"standard_user"?[0m?[32m and ?[0m?[32m?[1m"secret_sauce"?[0m ?[90m# demo.steps_definition.LoginStep.inputUsernameAndPassword(java.lang.String,java.lang.String)?[0m
  ?[32mAnd ?[0m?[32muser click login button?[0m                         ?[90m# demo.steps_definition.LoginStep.clickButtonLogin()?[0m
  ?[32mThen ?[0m?[32muser success login?[0m                             ?[90m# demo.steps_definition.LoginStep.isSuccessLogin()?[0m
  ?[33mGiven ?[0m?[33muser click add to cart?[0m                        ?[90m# null?[0m
  ?[36mThen ?[0m?[36muser can see the shopping cart added?[0m           ?[90m# demo.steps_definition.AddToCartStep.isSuccessAddToCart()?[0m
  ?[32mGiven ?[0m?[32muser input ?[0m?[32m?[1m"standard_user"?[0m?[32m and ?[0m?[32m?[1m"secret_sauce"?[0m     ?[90m# demo.steps_definition.LoginStep.inputUsernameAndPassword(java.lang.String,java.lang.String)?[0m
  ?[32mAnd ?[0m?[32muser click login button?[0m                             ?[90m# demo.steps_definition.LoginStep.clickButtonLogin()?[0m
  ?[32mThen ?[0m?[32muser success login?[0m                                 ?[90m# demo.steps_definition.LoginStep.isSuccessLogin()?[0m
  ?[33mAnd ?[0m?[33muser click add to cart?[0m                              ?[90m# null?[0m
  ?[36mThen ?[0m?[36muser can see the shopping cart added?[0m               ?[90m# demo.steps_definition.AddToCartStep.isSuccessAddToCart()?[0m
  ?[36mAnd ?[0m?[36muser click shopping cart?[0m                            ?[90m# demo.steps_definition.CheckoutItemSteps.clickButtonLogin()?[0m
  ?[36mAnd ?[0m?[36muser click checkout button?[0m                          ?[90m# demo.steps_definition.CheckoutItemSteps.clickButtonCheckout()?[0m
  ?[36mAnd ?[0m?[36muser input ?[0m?[36m?[1m"first name"?[0m?[36m and ?[0m?[36m?[1m"last name"?[0m?[36m and ?[0m?[36m?[1m"43252"?[0m ?[90m# demo.steps_definition.CheckoutItemSteps.inputUsernameAndPassword(java.lang.String,java.lang.String,java.lang.String)?[0m
  ?[36mAnd ?[0m?[36muser click continue button?[0m                          ?[90m# demo.steps_definition.CheckoutItemSteps.clickContinueButton()?[0m
  ?[36mThen ?[0m?[36muser can see checkout overview?[0m                     ?[90m# demo.steps_definition.CheckoutItemSteps.isCheckoutOverview()?[0m
  ?[36mAnd ?[0m?[36muser click finish button?[0m                            ?[90m# demo.steps_definition.CheckoutItemSteps.clickFinishButton()?[0m
  ?[36mThen ?[0m?[36muser can see success checkout?[0m                      ?[90m# demo.steps_definition.CheckoutItemSteps.isSuccessCheckot()?[0m
  ?[32mGiven ?[0m?[32muser input ?[0m?[32m?[1m"standard_user"?[0m?[32m and ?[0m?[32m?[1m"secret_sauce"?[0m ?[90m# demo.steps_definition.LoginStep.inputUsernameAndPassword(java.lang.String,java.lang.String)?[0m
  ?[32mAnd ?[0m?[32muser click login button?[0m                         ?[90m# demo.steps_definition.LoginStep.clickButtonLogin()?[0m
  ?[32mThen ?[0m?[32muser success login?[0m                             ?[90m# demo.steps_definition.LoginStep.isSuccessLogin()?[0m
  ?[32mGiven ?[0m?[32muser input ?[0m?[32m?[1m"locked_out_user"?[0m?[32m and ?[0m?[32m?[1m"secret_sauce"?[0m ?[90m# demo.steps_definition.LoginStep.inputUsernameAndPassword(java.lang.String,java.lang.String)?[0m
  ?[32mAnd ?[0m?[32muser click login button?[0m                           ?[90m# demo.steps_definition.LoginStep.clickButtonLogin()?[0m
  ?[32mThen ?[0m?[32muser success login?[0m                               ?[90m# demo.steps_definition.LoginStep.isSuccessLogin()?[0m
]]></system-out>
  <system-err><![CDATA[?[32m?[1m┌───────────────────────────────────────────────────────────────────────────────────┐?[0m
?[32m?[1m│?[0m Share your Cucumber Report with your team at ?[36m?[1m?[4mhttps://reports.cucumber.io?[0m          ?[32m?[1m│?[0m
?[32m?[1m│?[0m Activate publishing with one of the following:                                    ?[32m?[1m│?[0m
?[32m?[1m│?[0m                                                                                   ?[32m?[1m│?[0m
?[32m?[1m│?[0m src/test/resources/cucumber.properties:          ?[36mcucumber.publish.enabled?[0m=?[36mtrue?[0m    ?[32m?[1m│?[0m
?[32m?[1m│?[0m src/test/resources/junit-platform.properties:    ?[36mcucumber.publish.enabled?[0m=?[36mtrue?[0m    ?[32m?[1m│?[0m
?[32m?[1m│?[0m Environment variable:                            ?[36mCUCUMBER_PUBLISH_ENABLED?[0m=?[36mtrue?[0m    ?[32m?[1m│?[0m
?[32m?[1m│?[0m JUnit:                                           ?[36m@CucumberOptions?[0m(publish = ?[36mtrue?[0m) ?[32m?[1m│?[0m
?[32m?[1m│?[0m                                                                                   ?[32m?[1m│?[0m
?[32m?[1m│?[0m More information at ?[36mhttps://cucumber.io/docs/cucumber/environment-variables/?[0m      ?[32m?[1m│?[0m
?[32m?[1m│?[0m                                                                                   ?[32m?[1m│?[0m
?[32m?[1m│?[0m Disable this message with one of the following:                                   ?[32m?[1m│?[0m
?[32m?[1m│?[0m                                                                                   ?[32m?[1m│?[0m
?[32m?[1m│?[0m src/test/resources/cucumber.properties:          ?[36mcucumber.publish.quiet?[0m=?[36mtrue?[0m      ?[32m?[1m│?[0m
?[32m?[1m│?[0m src/test/resources/junit-platform.properties:    ?[36mcucumber.publish.quiet?[0m=?[36mtrue?[0m      ?[32m?[1m│?[0m
?[32m?[1m└───────────────────────────────────────────────────────────────────────────────────┘?[0m
]]></system-err>
</testsuite>
