<?xml version="1.0" encoding="UTF-8"?>
<testsuite name="Add To Cart" tests="6" skipped="0" failures="0" errors="0" timestamp="2022-07-23T05:18:51" hostname="Nabilahs-MacBook-Pro.local" time="1.416">
  <properties/>
  <testcase name="user input &quot;standard_user&quot; and &quot;secret_sauce&quot;" classname="Add To Cart" time="0.521"/>
  <testcase name="user click login button" classname="Add To Cart" time="0.348"/>
  <testcase name="user success login" classname="Add To Cart" time="0.216"/>
  <testcase name="user click add to cart" classname="Add To Cart" time="0.166"/>
  <testcase name="user can see the shopping cart added" classname="Add To Cart" time="0.001"/>
  <testcase name="classMethod" classname="Add To Cart" time="4.219"/>
  <system-out><![CDATA[
@Web @AddToCart
Scenario: Add To Cart                                 ?[90m# src/test/resources/features/addToCart.feature:5?[0m
]]></system-out>
  <system-err><![CDATA[Starting ChromeDriver 103.0.5060.53 (a1711811edd74ff1cf2150f36ffa3b0dae40b17f-refs/branch-heads/5060@{#853}) on port 5295
Only local connections are allowed.
Please see https://chromedriver.chromium.org/security-considerations for suggestions on keeping ChromeDriver safe.
ChromeDriver was started successfully.
Jul 23, 2022 12:18:50 PM org.openqa.selenium.remote.ProtocolHandshake createSession
INFO: Detected dialect: W3C
]]></system-err>
</testsuite>
